[4/6/22 10:24:42 AM]: Info : The default value of the element "schemaValidatorsCurrentSize" might be incorrect.
[4/6/22 10:24:42 AM]: Info : The default value of the element "xml10DTDValidatorsCurrentSize" might be incorrect.
[4/6/22 10:24:42 AM]: Info : The default value of the element "xml11DTDValidatorsCurrentSize" might be incorrect.
[4/6/22 10:24:42 AM]: Info : The default value of the element "xml10DTDLoaderCurrentSize" might be incorrect.
[4/6/22 10:24:42 AM]: Info : The default value of the element "xml11DTDLoaderCurrentSize" might be incorrect.
[4/6/22 10:24:42 AM]: Info : The default value of the element "CHUNK_SIZE" might be incorrect.
[4/6/22 10:24:42 AM]: Info : The default value of the element "CHUNK_MASK" might be incorrect.
[4/6/22 10:24:42 AM]: Info : The default value of the element "INITIAL_CHUNK_COUNT" might be incorrect.
[4/6/22 10:24:42 AM]: Info : The default value of the element "INIT_ARRAY" might be incorrect.
[4/6/22 10:24:42 AM]: Info : The default value of the element "fWhatToShow" might be incorrect.
[4/6/22 10:24:42 AM]: Info : The default value of the element "fWhatToShow" might be incorrect.
[4/6/22 10:24:42 AM]: Info : The default value of the element "AS_UNBOUNDED" might be incorrect.
[4/6/22 10:24:42 AM]: Info : The default value of the element "type" might be incorrect.
[4/6/22 10:24:42 AM]: Info : The default value of the element "PRIMES" might be incorrect.
[4/6/22 10:24:42 AM]: Info : The default value of the element "MULTIPLIERS_SIZE" might be incorrect.
[4/6/22 10:24:42 AM]: Info : The default value of the element "MULTIPLIERS_MASK" might be incorrect.
[4/6/22 10:24:42 AM]: Info : The default value of the element "fTableSize" might be incorrect.
[4/6/22 10:24:42 AM]: Info : The default value of the element "CHUNK_SIZE" might be incorrect.
[4/6/22 10:24:42 AM]: Info : The default value of the element "CHUNK_MASK" might be incorrect.
[4/6/22 10:24:42 AM]: Info : The default value of the element "INITIAL_CHUNK_COUNT" might be incorrect.
[4/6/22 10:24:42 AM]: Info : The default value of the element "fElementDeclContentSpecIndex" might be incorrect.
[4/6/22 10:24:42 AM]: Info : The default value of the element "fElementDeclFirstAttributeDeclIndex" might be incorrect.
[4/6/22 10:24:42 AM]: Info : The default value of the element "fElementDeclLastAttributeDeclIndex" might be incorrect.
[4/6/22 10:24:42 AM]: Info : The default value of the element "fAttributeDeclNextAttributeDeclIndex" might be incorrect.
[4/6/22 10:24:42 AM]: Info : The default value of the element "fElementDeclIsExternal" might be incorrect.
[4/6/22 10:24:42 AM]: Info : The default value of the element "fAttributeDeclIsExternal" might be incorrect.
[4/6/22 10:24:42 AM]: Info : The default value of the element "fElementIndexStack" might be incorrect.
[4/6/22 10:24:42 AM]: Info : The default value of the element "fContentSpecTypeStack" might be incorrect.
[4/6/22 10:24:42 AM]: Info : The default value of the element "fElementChildrenOffsetStack" might be incorrect.
[4/6/22 10:24:42 AM]: Info : The default value of the element "fEntityStack" might be incorrect.
[4/6/22 10:24:42 AM]: Info : The default value of the element "fContentStack" might be incorrect.
[4/6/22 10:24:42 AM]: Info : The default value of the element "fPEStack" might be incorrect.
[4/6/22 10:24:42 AM]: Info : The default value of the element "fBufferSize" might be incorrect.
[4/6/22 10:24:42 AM]: Info : The default value of the element "fBufferSize" might be incorrect.
[4/6/22 10:24:42 AM]: Info : The default value of the element "CHUNK_SIZE" might be incorrect.
[4/6/22 10:24:42 AM]: Info : The default value of the element "CHUNK_MASK" might be incorrect.
[4/6/22 10:24:42 AM]: Info : The default value of the element "DIGITS_INTS" might be incorrect.
[4/6/22 10:24:42 AM]: Info : The default value of the element "context" might be incorrect.
[4/6/22 10:24:42 AM]: Info : The default value of the element "offsets" might be incorrect.
[4/6/22 10:24:42 AM]: Info : The default value of the element "IGNORE_CASE" might be incorrect.
[4/6/22 10:24:42 AM]: Info : The default value of the element "SINGLE_LINE" might be incorrect.
[4/6/22 10:24:42 AM]: Info : The default value of the element "MULTIPLE_LINES" might be incorrect.
[4/6/22 10:24:42 AM]: Info : The default value of the element "EXTENDED_COMMENT" might be incorrect.
[4/6/22 10:24:42 AM]: Info : The default value of the element "USE_UNICODE_CATEGORY" might be incorrect.
[4/6/22 10:24:42 AM]: Info : The default value of the element "UNICODE_WORD_BOUNDARY" might be incorrect.
[4/6/22 10:24:42 AM]: Info : The default value of the element "PROHIBIT_HEAD_CHARACTER_OPTIMIZATION" might be incorrect.
[4/6/22 10:24:42 AM]: Info : The default value of the element "PROHIBIT_FIXED_STRING_OPTIMIZATION" might be incorrect.
[4/6/22 10:24:42 AM]: Info : The default value of the element "XMLSCHEMA_MODE" might be incorrect.
[4/6/22 10:24:42 AM]: Info : The default value of the element "SPECIAL_COMMA" might be incorrect.
[4/6/22 10:24:42 AM]: Info : The default value of the element "LINE_FEED" might be incorrect.
[4/6/22 10:24:42 AM]: Info : The default value of the element "CARRIAGE_RETURN" might be incorrect.
[4/6/22 10:24:42 AM]: Info : The default value of the element "LINE_SEPARATOR" might be incorrect.
[4/6/22 10:24:42 AM]: Info : The default value of the element "PARAGRAPH_SEPARATOR" might be incorrect.
[4/6/22 10:24:42 AM]: Info : The default value of the element "UTF16_MAX" might be incorrect.
[4/6/22 10:24:42 AM]: Info : The default value of the element "nonBMPBlockRanges" might be incorrect.
[4/6/22 10:24:42 AM]: Info : The default value of the element "INITIAL_TOKEN_COUNT" might be incorrect.
[4/6/22 10:24:42 AM]: Info : The default value of the element "fTokens" might be incorrect.
[4/6/22 10:24:42 AM]: Info : The default value of the element "CHUNK_SIZE" might be incorrect.
[4/6/22 10:24:42 AM]: Info : The default value of the element "CHUNK_MASK" might be incorrect.
[4/6/22 10:24:42 AM]: Info : The default value of the element "ATTIDX_ABSTRACT" might be incorrect.
[4/6/22 10:24:42 AM]: Info : The default value of the element "ATTIDX_AFORMDEFAULT" might be incorrect.
[4/6/22 10:24:42 AM]: Info : The default value of the element "ATTIDX_BASE" might be incorrect.
[4/6/22 10:24:42 AM]: Info : The default value of the element "ATTIDX_BLOCK" might be incorrect.
[4/6/22 10:24:42 AM]: Info : The default value of the element "ATTIDX_BLOCKDEFAULT" might be incorrect.
[4/6/22 10:24:42 AM]: Info : The default value of the element "ATTIDX_DEFAULT" might be incorrect.
[4/6/22 10:24:42 AM]: Info : The default value of the element "ATTIDX_EFORMDEFAULT" might be incorrect.
[4/6/22 10:24:42 AM]: Info : The default value of the element "ATTIDX_FINAL" might be incorrect.
[4/6/22 10:24:42 AM]: Info : The default value of the element "ATTIDX_FINALDEFAULT" might be incorrect.
[4/6/22 10:24:42 AM]: Info : The default value of the element "ATTIDX_FIXED" might be incorrect.
[4/6/22 10:24:42 AM]: Info : The default value of the element "ATTIDX_FORM" might be incorrect.
[4/6/22 10:24:42 AM]: Info : The default value of the element "ATTIDX_ID" might be incorrect.
[4/6/22 10:24:42 AM]: Info : The default value of the element "ATTIDX_ITEMTYPE" might be incorrect.
[4/6/22 10:24:42 AM]: Info : The default value of the element "ATTIDX_MAXOCCURS" might be incorrect.
[4/6/22 10:24:42 AM]: Info : The default value of the element "ATTIDX_MEMBERTYPES" might be incorrect.
[4/6/22 10:24:42 AM]: Info : The default value of the element "ATTIDX_MINOCCURS" might be incorrect.
[4/6/22 10:24:42 AM]: Info : The default value of the element "ATTIDX_MIXED" might be incorrect.
[4/6/22 10:24:42 AM]: Info : The default value of the element "ATTIDX_NAME" might be incorrect.
[4/6/22 10:24:42 AM]: Info : The default value of the element "ATTIDX_NAMESPACE" might be incorrect.
[4/6/22 10:24:42 AM]: Info : The default value of the element "ATTIDX_NAMESPACE_LIST" might be incorrect.
[4/6/22 10:24:42 AM]: Info : The default value of the element "ATTIDX_NILLABLE" might be incorrect.
[4/6/22 10:24:42 AM]: Info : The default value of the element "ATTIDX_NONSCHEMA" might be incorrect.
[4/6/22 10:24:42 AM]: Info : The default value of the element "ATTIDX_PROCESSCONTENTS" might be incorrect.
[4/6/22 10:24:42 AM]: Info : The default value of the element "ATTIDX_PUBLIC" might be incorrect.
[4/6/22 10:24:42 AM]: Info : The default value of the element "ATTIDX_REF" might be incorrect.
[4/6/22 10:24:42 AM]: Info : The default value of the element "ATTIDX_REFER" might be incorrect.
[4/6/22 10:24:42 AM]: Info : The default value of the element "ATTIDX_SCHEMALOCATION" might be incorrect.
[4/6/22 10:24:42 AM]: Info : The default value of the element "ATTIDX_SOURCE" might be incorrect.
[4/6/22 10:24:42 AM]: Info : The default value of the element "ATTIDX_SUBSGROUP" might be incorrect.
[4/6/22 10:24:42 AM]: Info : The default value of the element "ATTIDX_SYSTEM" might be incorrect.
[4/6/22 10:24:42 AM]: Info : The default value of the element "ATTIDX_TARGETNAMESPACE" might be incorrect.
[4/6/22 10:24:42 AM]: Info : The default value of the element "ATTIDX_TYPE" might be incorrect.
[4/6/22 10:24:42 AM]: Info : The default value of the element "ATTIDX_USE" might be incorrect.
[4/6/22 10:24:42 AM]: Info : The default value of the element "ATTIDX_VALUE" might be incorrect.
[4/6/22 10:24:42 AM]: Info : The default value of the element "ATTIDX_ENUMNSDECLS" might be incorrect.
[4/6/22 10:24:42 AM]: Info : The default value of the element "ATTIDX_VERSION" might be incorrect.
[4/6/22 10:24:42 AM]: Info : The default value of the element "ATTIDX_XML_LANG" might be incorrect.
[4/6/22 10:24:42 AM]: Info : The default value of the element "ATTIDX_XPATH" might be incorrect.
[4/6/22 10:24:42 AM]: Info : The default value of the element "ATTIDX_FROMDEFAULT" might be incorrect.
[4/6/22 10:24:42 AM]: Info : The default value of the element "ATTIDX_ISRETURNED" might be incorrect.
[4/6/22 10:24:42 AM]: Info : The default value of the element "DT_COUNT" might be incorrect.
[4/6/22 10:24:42 AM]: Info : The default value of the element "fPos" might be incorrect.
[4/6/22 10:24:42 AM]: Info : The default value of the element "fAllContext" might be incorrect.
[4/6/22 10:24:42 AM]: Info : The default value of the element "fContext" might be incorrect.
[4/6/22 10:24:42 AM]: Info : The default value of the element "fCMStateStack" might be incorrect.
[4/6/22 10:24:42 AM]: Info : The default value of the element "OCCURRENCE_UNKNOWN" might be incorrect.
[4/6/22 10:24:42 AM]: Info : The default value of the element "CHUNK_SIZE" might be incorrect.
[4/6/22 10:24:42 AM]: Info : The default value of the element "CHUNK_MASK" might be incorrect.
[4/6/22 10:24:42 AM]: Info : The default value of the element "INITIAL_CHUNK_COUNT" might be incorrect.
[4/6/22 10:24:42 AM]: Info : The default value of the element "table" might be incorrect.
[4/6/22 10:24:42 AM]: Info : The default value of the element "orig_year" might be incorrect.
[4/6/22 10:24:42 AM]: Info : The default value of the element "orig_month" might be incorrect.
[4/6/22 10:24:42 AM]: Info : The default value of the element "orig_day" might be incorrect.
[4/6/22 10:24:42 AM]: Info : The default value of the element "orig_hour" might be incorrect.
[4/6/22 10:24:42 AM]: Info : The default value of the element "orig_minute" might be incorrect.
[4/6/22 10:24:42 AM]: Info : The default value of the element "orig_second" might be incorrect.
[4/6/22 10:24:42 AM]: Info : The default value of the element "orig_timezone" might be incorrect.
[4/6/22 10:24:42 AM]: Info : The default value of the element "year" might be incorrect.
[4/6/22 10:24:42 AM]: Info : The default value of the element "month" might be incorrect.
[4/6/22 10:24:42 AM]: Info : The default value of the element "day" might be incorrect.
[4/6/22 10:24:42 AM]: Info : The default value of the element "timezone" might be incorrect.
[4/6/22 10:24:42 AM]: Info : The default value of the element "hour" might be incorrect.
[4/6/22 10:24:42 AM]: Info : The default value of the element "minute" might be incorrect.
[4/6/22 10:24:42 AM]: Info : The default value of the element "second" might be incorrect.
[4/6/22 10:24:42 AM]: Info : The default value of the element "MIN_FIELD_VALUE" might be incorrect.
[4/6/22 10:24:42 AM]: Info : The default value of the element "MAX_FIELD_VALUE" might be incorrect.
[4/6/22 10:24:42 AM]: Info : The default value of the element "CHUNK_SIZE" might be incorrect.
[4/6/22 10:24:42 AM]: Info : The default value of the element "CHUNK_MASK" might be incorrect.
[4/6/22 10:24:42 AM]: Info : The default value of the element "CHUNK_SIZE" might be incorrect.
[4/6/22 10:24:42 AM]: Info : The default value of the element "CHUNK_MASK" might be incorrect.
[4/6/22 10:24:42 AM]: Info : The default value of the element "MAX_GENERAL_ENTITY_SIZE_LIMIT_DEFAULT_VALUE" might be incorrect.
[4/6/22 10:24:42 AM]: Info : The default value of the element "MAX_PARAMETER_ENTITY_SIZE_LIMIT_DEFAULT_VALUE" might be incorrect.
[4/6/22 10:24:42 AM]: Info : The default value of the element "fContext" might be incorrect.
[4/6/22 10:24:42 AM]: Info : The default value of the element "fContext" might be incorrect.
[4/6/22 10:24:42 AM]: Info : The default value of the element "PRIMES" might be incorrect.
[4/6/22 10:24:42 AM]: Info : The default value of the element "MULTIPLIERS_SIZE" might be incorrect.
[4/6/22 10:24:42 AM]: Info : The default value of the element "MULTIPLIERS_MASK" might be incorrect.
[4/6/22 10:24:42 AM]: Info : The default value of the element "MULTIPLIERS_SIZE" might be incorrect.
[4/6/22 10:24:42 AM]: Info : The default value of the element "MULTIPLIERS_MASK" might be incorrect.
[4/6/22 10:24:42 AM]: Info : The default value of the element "RESERVED_CHARACTERS" might be incorrect.
[4/6/22 10:24:42 AM]: Info : The default value of the element "MARK_CHARACTERS" might be incorrect.
[4/6/22 10:24:42 AM]: Info : The default value of the element "SCHEME_CHARACTERS" might be incorrect.
[4/6/22 10:24:42 AM]: Info : The default value of the element "USERINFO_CHARACTERS" might be incorrect.
[4/6/22 10:24:42 AM]: Info : The default value of the element "ASCII_ALPHA_CHARACTERS" might be incorrect.
[4/6/22 10:24:42 AM]: Info : The default value of the element "ASCII_DIGIT_CHARACTERS" might be incorrect.
[4/6/22 10:24:42 AM]: Info : The default value of the element "ASCII_HEX_CHARACTERS" might be incorrect.
[4/6/22 10:24:42 AM]: Info : The default value of the element "PATH_CHARACTERS" might be incorrect.
[4/6/22 10:24:42 AM]: Info : The default value of the element "MASK_ALPHA_NUMERIC" might be incorrect.
[4/6/22 10:24:42 AM]: Info : The default value of the element "MASK_UNRESERVED_MASK" might be incorrect.
[4/6/22 10:24:42 AM]: Info : The default value of the element "MASK_URI_CHARACTER" might be incorrect.
[4/6/22 10:24:42 AM]: Info : The default value of the element "MASK_SCHEME_CHARACTER" might be incorrect.
[4/6/22 10:24:42 AM]: Info : The default value of the element "MASK_USERINFO_CHARACTER" might be incorrect.
[4/6/22 10:24:42 AM]: Info : The default value of the element "MASK_PATH_CHARACTER" might be incorrect.
[4/6/22 10:24:42 AM]: Info : The default value of the element "MASK_XML11_VALID" might be incorrect.
[4/6/22 10:24:42 AM]: Info : The default value of the element "MASK_XML11_SPACE" might be incorrect.
[4/6/22 10:24:42 AM]: Info : The default value of the element "MASK_XML11_NAME_START" might be incorrect.
[4/6/22 10:24:42 AM]: Info : The default value of the element "MASK_XML11_NAME" might be incorrect.
[4/6/22 10:24:42 AM]: Info : The default value of the element "MASK_XML11_CONTROL" might be incorrect.
[4/6/22 10:24:42 AM]: Info : The default value of the element "MASK_XML11_CONTENT" might be incorrect.
[4/6/22 10:24:42 AM]: Info : The default value of the element "MASK_XML11_NCNAME_START" might be incorrect.
[4/6/22 10:24:42 AM]: Info : The default value of the element "MASK_XML11_NCNAME" might be incorrect.
[4/6/22 10:24:42 AM]: Info : The default value of the element "MASK_XML11_CONTENT_INTERNAL" might be incorrect.
[4/6/22 10:24:42 AM]: Info : The default value of the element "MULTIPLIERS_SIZE" might be incorrect.
[4/6/22 10:24:42 AM]: Info : The default value of the element "MULTIPLIERS_MASK" might be incorrect.
[4/6/22 10:24:42 AM]: Info : The default value of the element "MASK_VALID" might be incorrect.
[4/6/22 10:24:42 AM]: Info : The default value of the element "MASK_SPACE" might be incorrect.
[4/6/22 10:24:42 AM]: Info : The default value of the element "MASK_NAME_START" might be incorrect.
[4/6/22 10:24:42 AM]: Info : The default value of the element "MASK_NAME" might be incorrect.
[4/6/22 10:24:42 AM]: Info : The default value of the element "MASK_PUBID" might be incorrect.
[4/6/22 10:24:42 AM]: Info : The default value of the element "MASK_CONTENT" might be incorrect.
[4/6/22 10:24:42 AM]: Info : The default value of the element "MASK_NCNAME_START" might be incorrect.
[4/6/22 10:24:42 AM]: Info : The default value of the element "MASK_NCNAME" might be incorrect.
[4/6/22 10:24:42 AM]: Info : The default value of the element "fScope" might be incorrect.
[4/6/22 10:24:42 AM]: Info : The default value of the element "fBufferSize" might be incorrect.
[4/6/22 10:24:42 AM]: Info : The default value of the element "fState" might be incorrect.
[4/6/22 10:24:42 AM]: Info : The default value of the element "INITIAL_TOKEN_COUNT" might be incorrect.
[4/6/22 10:24:42 AM]: Info : The default value of the element "fTokens" might be incorrect.
[4/6/22 10:24:42 AM]: Info : The default value of the element "INITIAL_TOKEN_COUNT" might be incorrect.
[4/6/22 10:24:42 AM]: Info : The default value of the element "fTokens" might be incorrect.
[4/6/22 10:24:42 AM]: Info : The default value of the element "DEFAULT_LAST_PRINTABLE" might be incorrect.
[4/6/22 10:24:42 AM]: Info : The default value of the element "LAST_PRINTABLE_UNICODE" might be incorrect.
[4/6/22 10:24:42 AM]: Info : The default value of the element "ONLY_OPENING" might be incorrect.
[4/6/22 10:24:42 AM]: Info : The default value of the element "ELEM_CONTENT" might be incorrect.
[4/6/22 10:24:42 AM]: Info : The default value of the element "PRESERVE" might be incorrect.
[4/6/22 10:24:42 AM]: Info : The default value of the element "OPT_CLOSING" might be incorrect.
[4/6/22 10:24:42 AM]: Info : The default value of the element "EMPTY" might be incorrect.
[4/6/22 10:24:42 AM]: Info : The default value of the element "ALLOWED_HEAD" might be incorrect.
[4/6/22 10:24:42 AM]: Info : The default value of the element "CLOSE_P" might be incorrect.
[4/6/22 10:24:42 AM]: Info : The default value of the element "CLOSE_DD_DT" might be incorrect.
[4/6/22 10:24:42 AM]: Info : The default value of the element "CLOSE_SELF" might be incorrect.
[4/6/22 10:24:42 AM]: Info : The default value of the element "CLOSE_TABLE" might be incorrect.
[4/6/22 10:24:42 AM]: Info : The default value of the element "CLOSE_TH_TD" might be incorrect.
[4/6/22 10:24:42 AM]: Info : The default value of the element "_lineWidth" might be incorrect.
