[4/5/22 11:45:02 AM]: Warning : Unsupported type.
[4/5/22 11:45:02 AM]: Warning : Unsupported type.
[4/5/22 11:45:02 AM]: Warning : Unsupported type.
[4/5/22 11:45:02 AM]: Warning : Unsupported type.
[4/5/22 11:45:02 AM]: Warning : Unsupported type.
[4/5/22 11:45:02 AM]: Warning : Unsupported type.
[4/5/22 11:45:02 AM]: Warning : Unsupported type.
[4/5/22 11:45:02 AM]: Warning : Unsupported type.
[4/5/22 11:45:02 AM]: Warning : The ITaggedValue owned by "key", having "JavaTypeExpr"  as definition, has not been exported.
[4/5/22 11:45:02 AM]: Warning : The ITaggedValue owned by "", having "JavaTypeExpr"  as definition, has not been exported.
[4/5/22 11:45:02 AM]: Warning : The ITaggedValue owned by "Functions", having "JavaStatic"  as definition, has not been exported.
[4/5/22 11:45:02 AM]: Warning : The ITaggedValue owned by "NOT_EDITABLE", having "JavaBind"  as definition, has not been exported.
[4/5/22 11:45:02 AM]: Warning : The ITaggedValue owned by "NOT_EDITABLE", having "JavaTypeExpr"  as definition, has not been exported.
[4/5/22 11:45:02 AM]: Warning : The ITaggedValue owned by "ALWAYS_EDITABLE", having "JavaBind"  as definition, has not been exported.
[4/5/22 11:45:02 AM]: Warning : The ITaggedValue owned by "ALWAYS_EDITABLE", having "JavaTypeExpr"  as definition, has not been exported.
[4/5/22 11:45:02 AM]: Warning : The ITaggedValue owned by "Code", having "JavaExtends"  as definition, has not been exported.
[4/5/22 11:45:02 AM]: Warning : The ITaggedValue owned by "Code", having "JavaExtends"  as definition, has not been exported.
[4/5/22 11:45:02 AM]: Warning : The ITaggedValue owned by "Code", having "JavaExtends"  as definition, has not been exported.
[4/5/22 11:45:02 AM]: Info : The specified value "new DayType[7]" of the element "DayType" is not a valid literal of the Enumeration "{2}".
[4/5/22 11:45:02 AM]: Info : The specified value "HAlignment.LEFT" of the element "HAlignment" is not a valid literal of the Enumeration "{2}".
[4/5/22 11:45:02 AM]: Info : The specified value "VAlignment.BOTTOM" of the element "VAlignment" is not a valid literal of the Enumeration "{2}".
[4/5/22 11:45:02 AM]: Info : The default value of the element "comparissons" might be incorrect.
