[4/5/22 12:49:20 PM]: Warning : Unsupported type.
[4/5/22 12:49:20 PM]: Warning : Unsupported type.
[4/5/22 12:49:20 PM]: Warning : Unsupported type.
[4/5/22 12:49:20 PM]: Warning : Unsupported type.
[4/5/22 12:49:20 PM]: Info : The default value of the element "COMMAND_STACK_UPDATE" might be incorrect.
[4/5/22 12:49:20 PM]: Info : The default value of the element "openTokens" might be incorrect.
[4/5/22 12:49:20 PM]: Info : The default value of the element "instance" might be incorrect.
[4/5/22 12:49:20 PM]: Info : The default value of the element "TRANSPARENT_BG_COLOR" might be incorrect.
[4/5/22 12:49:20 PM]: Info : The default value of the element "projectType" might be incorrect.
[4/5/22 12:49:20 PM]: Info : The default value of the element "DEFAULT_MASK" might be incorrect.
[4/5/22 12:49:20 PM]: Info : The default value of the element "maxCount" might be incorrect.
[4/5/22 12:49:20 PM]: Info : The default value of the element "DEFAULT_MASK" might be incorrect.
[4/5/22 12:49:20 PM]: Info : The default value of the element "SHIFTED_DEFAULT_MASK" might be incorrect.
[4/5/22 12:49:20 PM]: Info : The default value of the element "STATE_HEIGHT" might be incorrect.
[4/5/22 12:49:20 PM]: Info : The default value of the element "X" might be incorrect.
[4/5/22 12:49:20 PM]: Info : The default value of the element "Y" might be incorrect.
[4/5/22 12:49:20 PM]: Info : The default value of the element "FINGER_HEIGHT" might be incorrect.
[4/5/22 12:49:20 PM]: Info : The default value of the element "FINGER_WIDTH" might be incorrect.
[4/5/22 12:49:20 PM]: Info : The default value of the element "DIA" might be incorrect.
[4/5/22 12:49:20 PM]: Info : The default value of the element "X" might be incorrect.
[4/5/22 12:49:20 PM]: Info : The default value of the element "Y" might be incorrect.
[4/5/22 12:49:20 PM]: Info : The default value of the element "X" might be incorrect.
[4/5/22 12:49:20 PM]: Info : The default value of the element "Y" might be incorrect.
[4/5/22 12:49:20 PM]: Info : The default value of the element "X" might be incorrect.
[4/5/22 12:49:20 PM]: Info : The default value of the element "Y" might be incorrect.
[4/5/22 12:49:20 PM]: Info : The default value of the element "X" might be incorrect.
[4/5/22 12:49:20 PM]: Info : The default value of the element "Y" might be incorrect.
[4/5/22 12:49:20 PM]: Info : The default value of the element "INCLUDE_HEIGHT" might be incorrect.
[4/5/22 12:49:20 PM]: Info : The default value of the element "X" might be incorrect.
[4/5/22 12:49:20 PM]: Info : The default value of the element "Y" might be incorrect.
[4/5/22 12:49:20 PM]: Info : The default value of the element "column" might be incorrect.
[4/5/22 12:49:20 PM]: Info : The default value of the element "rank" might be incorrect.
[4/5/22 12:49:20 PM]: Info : The default value of the element "nav" might be incorrect.
[4/5/22 12:49:20 PM]: Info : The default value of the element "LINE_WIDTH" might be incorrect.
[4/5/22 12:49:20 PM]: Info : The default value of the element "MIN_HEIGHT" might be incorrect.
[4/5/22 12:49:20 PM]: Info : The specified value "DiagramSettings.StereotypeStyle.TEXTUAL" of the element "StereotypeStyle" is not a valid literal of the Enumeration "{2}".
[4/5/22 12:49:20 PM]: Info : The default value of the element "buttonIds" might be incorrect.
[4/5/22 12:49:20 PM]: Info : The default value of the element "MAX_PROGRESS" might be incorrect.
[4/5/22 12:49:20 PM]: Info : The default value of the element "defaultSelection" might be incorrect.
[4/5/22 12:49:20 PM]: Info : The default value of the element "selection" might be incorrect.
