[4/5/22 11:47:33 AM]: Info : The default value of the element "NONE" might be incorrect.
[4/5/22 11:47:33 AM]: Info : The default value of the element "PRIVATE" might be incorrect.
[4/5/22 11:47:33 AM]: Info : The default value of the element "PROTECTED" might be incorrect.
[4/5/22 11:47:33 AM]: Info : The default value of the element "PUBLIC" might be incorrect.
[4/5/22 11:47:33 AM]: Info : The default value of the element "STATIC" might be incorrect.
[4/5/22 11:47:33 AM]: Info : The default value of the element "ABSTRACT" might be incorrect.
[4/5/22 11:47:33 AM]: Info : The default value of the element "xPoints" might be incorrect.
[4/5/22 11:47:33 AM]: Info : The default value of the element "yPoints" might be incorrect.
[4/5/22 11:47:33 AM]: Info : The default value of the element "xPoints" might be incorrect.
[4/5/22 11:47:33 AM]: Info : The default value of the element "yPoints" might be incorrect.
[4/5/22 11:47:33 AM]: Info : The default value of the element "maxbits" might be incorrect.
[4/5/22 11:47:33 AM]: Info : The default value of the element "maxmaxcode" might be incorrect.
[4/5/22 11:47:33 AM]: Info : The default value of the element "htab" might be incorrect.
[4/5/22 11:47:33 AM]: Info : The default value of the element "codetab" might be incorrect.
[4/5/22 11:47:33 AM]: Info : The default value of the element "hsize" might be incorrect.
[4/5/22 11:47:33 AM]: Info : The default value of the element "masks" might be incorrect.
[4/5/22 11:47:33 AM]: Info : The default value of the element "hash" might be incorrect.
[4/5/22 11:47:33 AM]: Info : The default value of the element "hash" might be incorrect.
[4/5/22 11:47:33 AM]: Info : The default value of the element "hash" might be incorrect.
[4/5/22 11:47:33 AM]: Info : The default value of the element "QUAD_LEFT" might be incorrect.
[4/5/22 11:47:33 AM]: Info : The default value of the element "QUAD_MIDDLE" might be incorrect.
[4/5/22 11:47:33 AM]: Info : The default value of the element "QUAD_RIGHT" might be incorrect.
[4/5/22 11:47:33 AM]: Info : The default value of the element "QUAD_TOP" might be incorrect.
[4/5/22 11:47:33 AM]: Info : The default value of the element "QUAD_CENTER" might be incorrect.
[4/5/22 11:47:33 AM]: Info : The default value of the element "QUAD_BOTTOM" might be incorrect.
[4/5/22 11:47:33 AM]: Info : The default value of the element "MINIMUM_SIZE" might be incorrect.
